<?xml version="1.0" encoding="UTF-8"?>
<!-- Generated by org.testng.reporters.JUnitReportReporter -->
<testsuite hostname="YASAR" failures="0" tests="2" name="com.qa.TestCases.BuzzPageTest" time="37.238" errors="0" timestamp="2020-10-26T17:24:22 GMT-04:00" skipped="0">
  <testcase classname="com.qa.TestCases.BuzzPageTest" name="validateBuzzPage" time="18.903"/>
  <system-out/>
  <testcase classname="com.qa.TestCases.BuzzPageTest" name="enterTheStatus" time="18.335"/>
  <system-out/>
</testsuite> <!-- com.qa.TestCases.BuzzPageTest -->
