<?xml version="1.0" encoding="UTF-8"?>
<!-- Generated by org.testng.reporters.JUnitReportReporter -->
<testsuite hostname="YASAR" failures="0" tests="3" name="com.qa.TestCases.LoginPageTest" time="35.657" errors="0" timestamp="2020-10-26T17:24:22 GMT-04:00" skipped="0">
  <testcase classname="com.qa.TestCases.LoginPageTest" name="LoginPageTitleTest" time="9.166"/>
  <system-out/>
  <testcase classname="com.qa.TestCases.LoginPageTest" name="OrangeHrmLogoTest" time="11.379"/>
  <system-out/>
  <testcase classname="com.qa.TestCases.LoginPageTest" name="LoginTest" time="15.112"/>
  <system-out/>
</testsuite> <!-- com.qa.TestCases.LoginPageTest -->
