<?xml version="1.0" encoding="UTF-8"?>
<!-- Generated by org.testng.reporters.JUnitReportReporter -->
<testsuite hostname="YASAR" failures="0" tests="2" name="com.qa.TestCases.AdminPageTest" time="42.265" errors="0" timestamp="2020-10-26T17:24:22 GMT-04:00" skipped="0">
  <testcase classname="com.qa.TestCases.AdminPageTest" name="validateAdminPage" time="18.765"/>
  <system-out/>
  <testcase classname="com.qa.TestCases.AdminPageTest" name="enterSystemUsersDetails" time="23.500"/>
  <system-out/>
</testsuite> <!-- com.qa.TestCases.AdminPageTest -->
