<?xml version="1.0" encoding="UTF-8"?>
<!-- Generated by org.testng.reporters.JUnitReportReporter -->
<testsuite hostname="YASAR" failures="0" tests="2" name="com.qa.TestCases.DirectoryPageTest" time="37.856" errors="0" timestamp="2020-10-26T17:18:52 GMT-04:00" skipped="0">
  <testcase classname="com.qa.TestCases.DirectoryPageTest" name="validateDirectoryPageBySearchButton" time="18.057"/>
  <system-out/>
  <testcase classname="com.qa.TestCases.DirectoryPageTest" name="enterEmployeeNameToSearch" time="19.799"/>
  <system-out/>
</testsuite> <!-- com.qa.TestCases.DirectoryPageTest -->
