<?xml version="1.0" encoding="UTF-8"?>
<!-- Generated by org.testng.reporters.JUnitReportReporter -->
<testsuite hostname="YASAR" failures="0" tests="2" name="com.qa.TestCases.BuzzPageTest" time="40.581" errors="0" timestamp="2020-10-26T17:18:52 GMT-04:00" skipped="0">
  <testcase classname="com.qa.TestCases.BuzzPageTest" name="validateBuzzPage" time="21.110"/>
  <system-out/>
  <testcase classname="com.qa.TestCases.BuzzPageTest" name="enterTheStatus" time="19.471"/>
  <system-out/>
</testsuite> <!-- com.qa.TestCases.BuzzPageTest -->
