<?xml version="1.0" encoding="UTF-8"?>
<!-- Generated by org.testng.reporters.JUnitReportReporter -->
<testsuite hostname="YASAR" failures="0" tests="3" name="com.qa.TestCases.LoginPageTest" time="42.339" errors="0" timestamp="2020-10-26T17:18:52 GMT-04:00" skipped="0">
  <testcase classname="com.qa.TestCases.LoginPageTest" name="LoginPageTitleTest" time="14.361"/>
  <system-out/>
  <testcase classname="com.qa.TestCases.LoginPageTest" name="OrangeHrmLogoTest" time="11.422"/>
  <system-out/>
  <testcase classname="com.qa.TestCases.LoginPageTest" name="LoginTest" time="16.556"/>
  <system-out/>
</testsuite> <!-- com.qa.TestCases.LoginPageTest -->
