<?xml version="1.0" encoding="UTF-8"?>
<!-- Generated by org.testng.reporters.JUnitReportReporter -->
<testsuite hostname="YASAR" failures="0" tests="2" name="com.qa.TestCases.DashBoardPageTest" time="39.948" errors="0" timestamp="2020-10-26T17:18:52 GMT-04:00" skipped="0">
  <testcase classname="com.qa.TestCases.DashBoardPageTest" name="validateDashBoard" time="18.406"/>
  <system-out/>
  <testcase classname="com.qa.TestCases.DashBoardPageTest" name="verifyMyInfoPage" time="21.542"/>
  <system-out/>
</testsuite> <!-- com.qa.TestCases.DashBoardPageTest -->
