<?xml version="1.0" encoding="UTF-8"?>
<!-- Generated by org.testng.reporters.JUnitReportReporter -->
<testsuite hostname="YASAR" failures="0" tests="2" name="com.qa.TestCases.MyInfoPageTest" time="37.378" errors="0" timestamp="2020-10-26T17:18:52 GMT-04:00" skipped="0">
  <testcase classname="com.qa.TestCases.MyInfoPageTest" name="validateInfoPage" time="16.874"/>
  <system-out/>
  <testcase classname="com.qa.TestCases.MyInfoPageTest" name="enterMyInfoPageDetails" time="20.504"/>
  <system-out/>
</testsuite> <!-- com.qa.TestCases.MyInfoPageTest -->
